#
# A fatal error has been detected by the Java Runtime Environment:
#
#  EXCEPTION_ACCESS_VIOLATION (0xc0000005) at pc=0xffffffffa41a5120, pid=8916, tid=11136
#
# JRE version: Java(TM) SE Runtime Environment (8.0_91-b14) (build 1.8.0_91-b14)
# Java VM: Java HotSpot(TM) 64-Bit Server VM (25.91-b14 mixed mode windows-amd64 compressed oops)
# Problematic frame:
# C  0xffffffffa41a5120
#
# Failed to write core dump. Minidumps are not enabled by default on client versions of Windows
#
# If you would like to submit a bug report, please visit:
#   http://bugreport.java.com/bugreport/crash.jsp
#

---------------  T H R E A D  ---------------

Current thread (0x00000000030a4000):  JavaThread "main" [_thread_in_Java, id=11136, stack(0x0000000002fa0000,0x00000000030a0000)]

siginfo: ExceptionCode=0xc0000005, ExceptionInformation=0x0000000000000008 0xffffffffa41a5120

Registers:
RAX=0x00000000154132e8, RBX=0x00000000154132e8, RCX=0x00000000ebf85aa0, RDX=0x00000000eaf93070
RSP=0x000000000309b8e8, RBP=0x000000000309b9a0, RSI=0x00000000154132e8, RDI=0x0000000000000828
R8 =0x00000000eaf93070, R9 =0x00000000ebdcd160, R10=0x0000000072174950, R11=0x0000000003429fa0
R12=0x0000000000000000, R13=0x000000000309b940, R14=0x000000000309b9d8, R15=0x00000000030a4000
RIP=0xffffffffa41a5120, EFLAGS=0x0000000000010206

Top of Stack: (sp=0x000000000309b8e8)
0x000000000309b8e8:   0000000003429ffc 000000000309b9a0
0x000000000309b8f8:   000000000342ef3c ffffffffffffffff
0x000000000309b908:   0000000015413778 00000000ebd8ec60
0x000000000309b918:   0000000000000009 000000000309b9a0
0x000000000309b928:   00000000031a7ef4 000000000309b9a0
0x000000000309b938:   00000000031a7ef4 00000000eaf93070
0x000000000309b948:   00000000ebf85aa0 00000000ebf56998
0x000000000309b958:   00000000eaf500d0 000000000309b960
0x000000000309b968:   00000000154e739f 000000000309b9d8
0x000000000309b978:   00000000154e7538 0000000000000000
0x000000000309b988:   00000000154e74a0 000000000309b940
0x000000000309b998:   000000000309b9c0 000000000309ba20
0x000000000309b9a8:   00000000031a7ef4 00000000eaf93070
0x000000000309b9b8:   00000000eaf92f60 0000000000000000
0x000000000309b9c8:   00000000eaf500d0 00000000ebf56998
0x000000000309b9d8:   00000000ebf0aa20 000000000309b9e0 

Instructions: (pc=0xffffffffa41a5120)
0xffffffffa41a5100:   
[error occurred during error reporting (printing registers, top of stack, instructions near pc), id 0xc0000005]

Register to memory mapping:

RAX={method} {0x00000000154132f0} 'invoke' '(Ljava/lang/Object;)Ljava/lang/Object;' in 'clojure/core$first'
RBX={method} {0x00000000154132f0} 'invoke' '(Ljava/lang/Object;)Ljava/lang/Object;' in 'clojure/core$first'
RCX=0x00000000ebf85aa0 is an oop
clojure.core$first 
 - klass: 'clojure/core$first'
RDX=0x00000000eaf93070 is an oop
clojure.lang.PersistentHashMap$ArrayNode$Seq 
 - klass: 'clojure/lang/PersistentHashMap$ArrayNode$Seq'
RSP=0x000000000309b8e8 is pointing into the stack for thread: 0x00000000030a4000
RBP=0x000000000309b9a0 is pointing into the stack for thread: 0x00000000030a4000
RSI={method} {0x00000000154132f0} 'invoke' '(Ljava/lang/Object;)Ljava/lang/Object;' in 'clojure/core$first'
RDI=0x0000000000000828 is an unknown value
R8 =0x00000000eaf93070 is an oop
clojure.lang.PersistentHashMap$ArrayNode$Seq 
 - klass: 'clojure/lang/PersistentHashMap$ArrayNode$Seq'
R9 =0x00000000ebdcd160 is an oop
java.lang.Class 
 - klass: 'java/lang/Class'
R10=0x0000000072174950 is an unknown value
R11=0x0000000003429fa0 is at entry_point+32 in (nmethod*)0x0000000003429e10
R12=0x0000000000000000 is an unknown value
R13=0x000000000309b940 is pointing into the stack for thread: 0x00000000030a4000
R14=0x000000000309b9d8 is pointing into the stack for thread: 0x00000000030a4000
R15=0x00000000030a4000 is a thread


Stack: [0x0000000002fa0000,0x00000000030a0000],  sp=0x000000000309b8e8,  free space=1006k
Native frames: (J=compiled Java code, j=interpreted, Vv=VM code, C=native code)
C  0xffffffffa41a5120


---------------  P R O C E S S  ---------------

Java Threads: ( => current thread )
  0x00000000171c0800 JavaThread "Service Thread" daemon [_thread_blocked, id=748, stack(0x00000000175b0000,0x00000000176b0000)]
  0x0000000015879000 JavaThread "C1 CompilerThread2" daemon [_thread_blocked, id=8464, stack(0x00000000170b0000,0x00000000171b0000)]
  0x0000000015876000 JavaThread "C2 CompilerThread1" daemon [_thread_blocked, id=1672, stack(0x0000000016fb0000,0x00000000170b0000)]
  0x0000000015873800 JavaThread "C2 CompilerThread0" daemon [_thread_in_native, id=2492, stack(0x0000000016eb0000,0x0000000016fb0000)]
  0x0000000015872000 JavaThread "Attach Listener" daemon [_thread_blocked, id=12948, stack(0x0000000016db0000,0x0000000016eb0000)]
  0x0000000015870000 JavaThread "Signal Dispatcher" daemon [_thread_blocked, id=7692, stack(0x0000000016cb0000,0x0000000016db0000)]
  0x0000000015860000 JavaThread "Finalizer" daemon [_thread_blocked, id=12952, stack(0x0000000016ac0000,0x0000000016bc0000)]
  0x0000000003192800 JavaThread "Reference Handler" daemon [_thread_blocked, id=3492, stack(0x00000000169c0000,0x0000000016ac0000)]
=>0x00000000030a4000 JavaThread "main" [_thread_in_Java, id=11136, stack(0x0000000002fa0000,0x00000000030a0000)]

Other Threads:
  0x0000000015838800 VMThread [stack: 0x00000000168c0000,0x00000000169c0000] [id=12868]
  0x00000000171de800 WatcherThread [stack: 0x00000000176b0000,0x00000000177b0000] [id=5944]

VM state:not at safepoint (normal execution)

VM Mutex/Monitor currently owned by a thread: None

Heap:
 PSYoungGen      total 18944K, used 7461K [0x00000000eab00000, 0x00000000ed000000, 0x0000000100000000)
  eden space 16384K, 30% used [0x00000000eab00000,0x00000000eafcd620,0x00000000ebb00000)
  from space 2560K, 99% used [0x00000000ebd80000,0x00000000ebffc010,0x00000000ec000000)
  to   space 2560K, 0% used [0x00000000ebb00000,0x00000000ebb00000,0x00000000ebd80000)
 ParOldGen       total 44032K, used 1672K [0x00000000c0000000, 0x00000000c2b00000, 0x00000000eab00000)
  object space 44032K, 3% used [0x00000000c0000000,0x00000000c01a2040,0x00000000c2b00000)
 Metaspace       used 8605K, capacity 9371K, committed 9600K, reserved 1056768K
  class space    used 1570K, capacity 1616K, committed 1664K, reserved 1048576K

Card table byte_map: [0x0000000012560000,0x0000000012770000] byte_map_base: 0x0000000011f60000

Marking Bits: (ParMarkBitMap*) 0x0000000072192f70
 Begin Bits: [0x0000000012cd0000, 0x0000000013cd0000)
 End Bits:   [0x0000000013cd0000, 0x0000000014cd0000)

Polling page: 0x0000000001550000

CodeCache: size=245760Kb used=2750Kb max_used=2762Kb free=243009Kb
 bounds [0x00000000031a0000, 0x0000000003460000, 0x00000000121a0000]
 total_blobs=882 nmethods=584 adapters=212
 compilation: enabled

Compilation events (10 events):
Event: 1.868 Thread 0x0000000015873800  580       4       clojure.lang.PersistentHashMap$BitmapIndexedNode::assoc (477 bytes)
Event: 1.873 Thread 0x0000000015879000  582       3       java.util.regex.Pattern::has (15 bytes)
Event: 1.874 Thread 0x0000000015879000 nmethod 582 0x0000000003445890 code [0x00000000034459e0, 0x0000000003445b90]
Event: 1.876 Thread 0x0000000015876000 nmethod 581 0x0000000003447510 code [0x0000000003447680, 0x0000000003447af8]
Event: 1.892 Thread 0x0000000015879000  583       3       clojure.lang.ArraySeq::first (36 bytes)
Event: 1.893 Thread 0x0000000015879000 nmethod 583 0x000000000343ea10 code [0x000000000343eb80, 0x000000000343edb8]
Event: 1.897 Thread 0x0000000015876000  584       4       clojure.lang.RT::first (35 bytes)
Event: 1.898 Thread 0x0000000015879000  586       3       java.lang.Object::equals (11 bytes)
Event: 1.898 Thread 0x0000000015876000 nmethod 584 0x000000000344cc50 code [0x000000000344cda0, 0x000000000344ce98]
Event: 1.898 Thread 0x0000000015876000  585       4       clojure.core$first::invoke (7 bytes)

GC Heap History (4 events):
Event: 1.185 GC heap before
{Heap before GC invocations=1 (full 0):
 PSYoungGen      total 18944K, used 16384K [0x00000000eab00000, 0x00000000ec000000, 0x0000000100000000)
  eden space 16384K, 100% used [0x00000000eab00000,0x00000000ebb00000,0x00000000ebb00000)
  from space 2560K, 0% used [0x00000000ebd80000,0x00000000ebd80000,0x00000000ec000000)
  to   space 2560K, 0% used [0x00000000ebb00000,0x00000000ebb00000,0x00000000ebd80000)
 ParOldGen       total 44032K, used 0K [0x00000000c0000000, 0x00000000c2b00000, 0x00000000eab00000)
  object space 44032K, 0% used [0x00000000c0000000,0x00000000c0000000,0x00000000c2b00000)
 Metaspace       used 5754K, capacity 6739K, committed 7040K, reserved 1056768K
  class space    used 809K, capacity 840K, committed 896K, reserved 1048576K
Event: 1.195 GC heap after
Heap after GC invocations=1 (full 0):
 PSYoungGen      total 18944K, used 2553K [0x00000000eab00000, 0x00000000ec000000, 0x0000000100000000)
  eden space 16384K, 0% used [0x00000000eab00000,0x00000000eab00000,0x00000000ebb00000)
  from space 2560K, 99% used [0x00000000ebb00000,0x00000000ebd7e7b0,0x00000000ebd80000)
  to   space 2560K, 0% used [0x00000000ebd80000,0x00000000ebd80000,0x00000000ec000000)
 ParOldGen       total 44032K, used 545K [0x00000000c0000000, 0x00000000c2b00000, 0x00000000eab00000)
  object space 44032K, 1% used [0x00000000c0000000,0x00000000c0088550,0x00000000c2b00000)
 Metaspace       used 5754K, capacity 6739K, committed 7040K, reserved 1056768K
  class space    used 809K, capacity 840K, committed 896K, reserved 1048576K
}
Event: 1.742 GC heap before
{Heap before GC invocations=2 (full 0):
 PSYoungGen      total 18944K, used 18937K [0x00000000eab00000, 0x00000000ec000000, 0x0000000100000000)
  eden space 16384K, 100% used [0x00000000eab00000,0x00000000ebb00000,0x00000000ebb00000)
  from space 2560K, 99% used [0x00000000ebb00000,0x00000000ebd7e7b0,0x00000000ebd80000)
  to   space 2560K, 0% used [0x00000000ebd80000,0x00000000ebd80000,0x00000000ec000000)
 ParOldGen       total 44032K, used 545K [0x00000000c0000000, 0x00000000c2b00000, 0x00000000eab00000)
  object space 44032K, 1% used [0x00000000c0000000,0x00000000c0088550,0x00000000c2b00000)
 Metaspace       used 7977K, capacity 8819K, committed 8960K, reserved 1056768K
  class space    used 1430K, capacity 1448K, committed 1536K, reserved 1048576K
Event: 1.756 GC heap after
Heap after GC invocations=2 (full 0):
 PSYoungGen      total 18944K, used 2544K [0x00000000eab00000, 0x00000000ed000000, 0x0000000100000000)
  eden space 16384K, 0% used [0x00000000eab00000,0x00000000eab00000,0x00000000ebb00000)
  from space 2560K, 99% used [0x00000000ebd80000,0x00000000ebffc010,0x00000000ec000000)
  to   space 2560K, 0% used [0x00000000ebb00000,0x00000000ebb00000,0x00000000ebd80000)
 ParOldGen       total 44032K, used 1672K [0x00000000c0000000, 0x00000000c2b00000, 0x00000000eab00000)
  object space 44032K, 3% used [0x00000000c0000000,0x00000000c01a2040,0x00000000c2b00000)
 Metaspace       used 7977K, capacity 8819K, committed 8960K, reserved 1056768K
  class space    used 1430K, capacity 1448K, committed 1536K, reserved 1048576K
}

Deoptimization events (10 events):
Event: 0.646 Thread 0x00000000030a4000 Uncommon trap: reason=unstable_if action=reinterpret pc=0x0000000003319400 method=java.lang.String.indexOf([CII[CIII)I @ 123
Event: 0.646 Thread 0x00000000030a4000 Uncommon trap: reason=unstable_if action=reinterpret pc=0x00000000033158a4 method=java.lang.String.indexOf([CII[CIII)I @ 123
Event: 0.657 Thread 0x00000000030a4000 Uncommon trap: reason=unstable_if action=reinterpret pc=0x000000000332bbbc method=sun.misc.URLClassPath.getLoader(I)Lsun/misc/URLClassPath$Loader; @ 36
Event: 0.657 Thread 0x00000000030a4000 Uncommon trap: reason=unstable_if action=reinterpret pc=0x000000000332af94 method=sun.misc.URLClassPath.getLoader(I)Lsun/misc/URLClassPath$Loader; @ 36
Event: 0.940 Thread 0x00000000030a4000 Uncommon trap: reason=unstable_if action=reinterpret pc=0x00000000033776ac method=clojure.lang.Symbol.intern(Ljava/lang/String;Ljava/lang/String;)Lclojure/lang/Symbol; @ 5
Event: 0.940 Thread 0x00000000030a4000 Uncommon trap: reason=unstable_if action=reinterpret pc=0x00000000033793c8 method=clojure.lang.Util.hash(Ljava/lang/Object;)I @ 1
Event: 1.565 Thread 0x00000000030a4000 Uncommon trap: reason=bimorphic action=maybe_recompile pc=0x00000000034180cc method=clojure.lang.Util.hasheq(Ljava/lang/Object;)I @ 37
Event: 1.595 Thread 0x00000000030a4000 Uncommon trap: reason=bimorphic action=maybe_recompile pc=0x00000000034180cc method=clojure.lang.Util.hasheq(Ljava/lang/Object;)I @ 37
Event: 1.605 Thread 0x00000000030a4000 Uncommon trap: reason=bimorphic action=maybe_recompile pc=0x00000000034180cc method=clojure.lang.Util.hasheq(Ljava/lang/Object;)I @ 37
Event: 1.606 Thread 0x00000000030a4000 Uncommon trap: reason=bimorphic action=maybe_recompile pc=0x00000000034180cc method=clojure.lang.Util.hasheq(Ljava/lang/Object;)I @ 37

Internal exceptions (10 events):
Event: 0.058 Thread 0x00000000030a4000 Exception <a 'java/lang/NoSuchMethodError': Method sun.misc.Unsafe.defineClass(Ljava/lang/String;[BII)Ljava/lang/Class; name or signature does not match> (0x00000000eab07cc0) thrown at [C:\re\workspace\8-2-build-windows-amd64-cygwin\jdk8u91\6644\hotspot\sr¸G…ì)¶­?
Event: 0.058 Thread 0x00000000030a4000 Exception <a 'java/lang/NoSuchMethodError': Method sun.misc.Unsafe.prefetchRead(Ljava/lang/Object;J)V name or signature does not match> (0x00000000eab07fa8) thrown at [C:\re\workspace\8-2-build-windows-amd64-cygwin\jdk8u91\6644\hotspot\src\share\vm\prims\jþ+šå¤ÛÌ?
Event: 0.225 Thread 0x00000000030a4000 Exception <a 'java/security/PrivilegedActionException'> (0x00000000eab907c0) thrown at [C:\re\workspace\8-2-build-windows-amd64-cygwin\jdk8u91\6644\hotspot\src\share\vm\prims\jvm.cpp, line 1386]
Event: 0.225 Thread 0x00000000030a4000 Exception <a 'java/security/PrivilegedActionException'> (0x00000000eab909d0) thrown at [C:\re\workspace\8-2-build-windows-amd64-cygwin\jdk8u91\6644\hotspot\src\share\vm\prims\jvm.cpp, line 1386]
Event: 0.226 Thread 0x00000000030a4000 Exception <a 'java/security/PrivilegedActionException'> (0x00000000eab91a18) thrown at [C:\re\workspace\8-2-build-windows-amd64-cygwin\jdk8u91\6644\hotspot\src\share\vm\prims\jvm.cpp, line 1386]
Event: 0.226 Thread 0x00000000030a4000 Exception <a 'java/security/PrivilegedActionException'> (0x00000000eab91c28) thrown at [C:\re\workspace\8-2-build-windows-amd64-cygwin\jdk8u91\6644\hotspot\src\share\vm\prims\jvm.cpp, line 1386]
Event: 0.658 Thread 0x00000000030a4000 Exception <a 'java/security/PrivilegedActionException'> (0x00000000eb0c3140) thrown at [C:\re\workspace\8-2-build-windows-amd64-cygwin\jdk8u91\6644\hotspot\src\share\vm\prims\jvm.cpp, line 1386]
Event: 0.658 Thread 0x00000000030a4000 Exception <a 'java/security/PrivilegedActionException'> (0x00000000eb0c3350) thrown at [C:\re\workspace\8-2-build-windows-amd64-cygwin\jdk8u91\6644\hotspot\src\share\vm\prims\jvm.cpp, line 1386]
Event: 0.658 Thread 0x00000000030a4000 Exception <a 'java/security/PrivilegedActionException'> (0x00000000eb0c7198) thrown at [C:\re\workspace\8-2-build-windows-amd64-cygwin\jdk8u91\6644\hotspot\src\share\vm\prims\jvm.cpp, line 1386]
Event: 0.658 Thread 0x00000000030a4000 Exception <a 'java/security/PrivilegedActionException'> (0x00000000eb0c73a8) thrown at [C:\re\workspace\8-2-build-windows-amd64-cygwin\jdk8u91\6644\hotspot\src\share\vm\prims\jvm.cpp, line 1386]

Events (10 events):
Event: 1.891 loading class clojure/instant$validated$fn__6196
Event: 1.891 loading class clojure/instant$validated$fn__6196 done
Event: 1.891 loading class clojure/core$partial$fn__4190
Event: 1.891 loading class clojure/core$partial$fn__4190 done
Event: 1.894 loading class clojure/uuid__init
Event: 1.894 loading class clojure/uuid__init done
Event: 1.895 loading class java/util/UUID
Event: 1.895 loading class java/util/UUID done
Event: 1.895 loading class clojure/uuid$loading__4910__auto__
Event: 1.895 loading class clojure/uuid$loading__4910__auto__ done


Dynamic libraries:
0x00007ff72c330000 - 0x00007ff72c367000 	C:\PROGRA~1\Java\JDK18~1.0_9\bin\java.exe
0x00007ffdebda0000 - 0x00007ffdebf7b000 	C:\WINDOWS\SYSTEM32\ntdll.dll
0x00007ffdeb470000 - 0x00007ffdeb51e000 	C:\WINDOWS\System32\KERNEL32.DLL
0x00007ffde8c50000 - 0x00007ffde8e99000 	C:\WINDOWS\System32\KERNELBASE.dll
0x00007ffdebcf0000 - 0x00007ffdebd91000 	C:\WINDOWS\System32\ADVAPI32.dll
0x00007ffdeba20000 - 0x00007ffdebabd000 	C:\WINDOWS\System32\msvcrt.dll
0x00007ffdeb9c0000 - 0x00007ffdeba19000 	C:\WINDOWS\System32\sechost.dll
0x00007ffde9300000 - 0x00007ffde9425000 	C:\WINDOWS\System32\RPCRT4.dll
0x00007ffdebac0000 - 0x00007ffdebc0a000 	C:\WINDOWS\System32\USER32.dll
0x00007ffde8ea0000 - 0x00007ffde8ebe000 	C:\WINDOWS\System32\win32u.dll
0x00007ffdeb440000 - 0x00007ffdeb467000 	C:\WINDOWS\System32\GDI32.dll
0x00007ffde8320000 - 0x00007ffde84a8000 	C:\WINDOWS\System32\gdi32full.dll
0x00007ffde84b0000 - 0x00007ffde854a000 	C:\WINDOWS\System32\msvcp_win.dll
0x00007ffde8ec0000 - 0x00007ffde8fb6000 	C:\WINDOWS\System32\ucrtbase.dll
0x00007ffddbfc0000 - 0x00007ffddc227000 	C:\WINDOWS\WinSxS\amd64_microsoft.windows.common-controls_6595b64144ccf1df_6.0.15063.483_none_26002d27e7c744a2\COMCTL32.dll
0x00007ffdeb520000 - 0x00007ffdeb819000 	C:\WINDOWS\System32\combase.dll
0x00007ffde91e0000 - 0x00007ffde924a000 	C:\WINDOWS\System32\bcryptPrimitives.dll
0x00007ffdeae50000 - 0x00007ffdeae7d000 	C:\WINDOWS\System32\IMM32.DLL
0x0000000072220000 - 0x00000000722f2000 	C:\PROGRA~1\Java\JDK18~1.0_9\jre\bin\msvcr100.dll
0x0000000071980000 - 0x0000000072213000 	C:\PROGRA~1\Java\JDK18~1.0_9\jre\bin\server\jvm.dll
0x00007ffdebc30000 - 0x00007ffdebc38000 	C:\WINDOWS\System32\PSAPI.DLL
0x00007ffde0a10000 - 0x00007ffde0a19000 	C:\WINDOWS\SYSTEM32\WSOCK32.dll
0x00007ffde3ba0000 - 0x00007ffde3baa000 	C:\WINDOWS\SYSTEM32\VERSION.dll
0x00007ffdeb3d0000 - 0x00007ffdeb43c000 	C:\WINDOWS\System32\WS2_32.dll
0x00007ffde6180000 - 0x00007ffde61a3000 	C:\WINDOWS\SYSTEM32\WINMM.dll
0x00007ffde6150000 - 0x00007ffde617b000 	C:\WINDOWS\SYSTEM32\winmmbase.dll
0x00007ffde8fc0000 - 0x00007ffde9009000 	C:\WINDOWS\System32\cfgmgr32.dll
0x0000000072ef0000 - 0x0000000072eff000 	C:\PROGRA~1\Java\JDK18~1.0_9\jre\bin\verify.dll
0x0000000071950000 - 0x0000000071979000 	C:\PROGRA~1\Java\JDK18~1.0_9\jre\bin\java.dll
0x0000000072ed0000 - 0x0000000072ee6000 	C:\PROGRA~1\Java\JDK18~1.0_9\jre\bin\zip.dll
0x00007ffde9430000 - 0x00007ffdea867000 	C:\WINDOWS\System32\SHELL32.dll
0x00007ffdebc40000 - 0x00007ffdebcea000 	C:\WINDOWS\System32\shcore.dll
0x00007ffde8550000 - 0x00007ffde8c42000 	C:\WINDOWS\System32\windows.storage.dll
0x00007ffdeadf0000 - 0x00007ffdeae41000 	C:\WINDOWS\System32\shlwapi.dll
0x00007ffde8230000 - 0x00007ffde8241000 	C:\WINDOWS\System32\kernel.appcore.dll
0x00007ffde8270000 - 0x00007ffde82bc000 	C:\WINDOWS\System32\powrprof.dll
0x00007ffde8210000 - 0x00007ffde8225000 	C:\WINDOWS\System32\profapi.dll
0x00007ffdd7560000 - 0x00007ffdd7709000 	C:\WINDOWS\SYSTEM32\dbghelp.dll

VM Arguments:
jvm_args: -Dfile.encoding=Cp1252 -XX:-OmitStackTraceInFastThrow -Dclojure.compile.path=D:\clojure_programming\i-am-a-horse-in-the-land-of-booleans\target\classes -Di-am-a-horse-in-the-land-of-booleans.version=1.0.0-SNAPSHOT -Dclojure.debug=false 
java_command: clojure.main -i C:\Users\jaakk_000\AppData\Local\Temp\form-init1901474128632952217.clj
java_class_path (initial): D:\clojure_programming\i-am-a-horse-in-the-land-of-booleans\test;D:\clojure_programming\i-am-a-horse-in-the-land-of-booleans\src;D:\clojure_programming\i-am-a-horse-in-the-land-of-booleans\dev-resources;D:\clojure_programming\i-am-a-horse-in-the-land-of-booleans\resources;D:\clojure_programming\i-am-a-horse-in-the-land-of-booleans\target\classes;C:\Users\jaakk_000\.m2\repository\org\apache\httpcomponents\httpcore\4.1.2\httpcore-4.1.2.jar;C:\Users\jaakk_000\.m2\repository\iloveponies\tests\i-am-a-horse-in-the-land-of-booleans\0.1.0-SNAPSHOT\i-am-a-horse-in-the-land-of-booleans-0.1.0-SNAPSHOT.jar;C:\Users\jaakk_000\.m2\repository\org\apache\httpcomponents\httpclient\4.1.2\httpclient-4.1.2.jar;C:\Users\jaakk_000\.m2\repository\org\clojure\tools.namespace\0.2.2\tools.namespace-0.2.2.jar;C:\Users\jaakk_000\.m2\repository\org\sonatype\aether\aether-spi\1.13.1\aether-spi-1.13.1.jar;C:\Users\jaakk_000\.m2\repository\swiss-arrows\swiss-arrows\0.1.0\swiss-arrows-0.1.0.jar;C:\Users\jaakk_000\.m2\repository\org\apache\maven\wagon\wagon-http\2.2\wagon-http-2.2.jar;C:\Users\jaakk_000\.m2\repository\ordered\ordered\1.2.0\ordered-1.2.0.jar;C:\Users\jaakk_000\.m2\repository\colorize\colorize\0.1.1\colorize-0.1.1.jar;C:\Users\jaakk_000\.m2\repository\org\sonatype\sisu\sisu-inject-bean\2.2.3\sisu-inject-bean-2.2.3.jar;C:\Users\jaakk_000\.m2\repository\org\codehaus\plexus\plexus-utils\2.0.7\plexus-utils-2.0.7.jar;C:\Users\jaakk_000\.m2\repository\org\sonatype\aether\aether-api\1.13.1\aether-api-1.13.1.jar;C:\Users\jaakk_000\.m2\repository\useful\useful\0.8.3-alpha8\useful-0.8.3-alpha8.jar;C:\Users\jaakk_000\.m2\repository\leiningen-core\leiningen-core\2.0.0-preview10\leiningen-core-2.0.0-preview10.jar;C:\Users\jaakk_000\.m2\repository\bultitude\bultitude\0.1.7\bultitude-0.1.7.jar;C:\Users\jaakk_000\.m2\repository\org\clojure\math.combinatorics\0.0.1\math.combinatorics-0.0.1.jar;C:\Users\jaakk_000\.m2\repository\org\clojure\core.unify\0.5.2\core.unify-0.5.2.
Launcher Type: SUN_STANDARD

Environment Variables:
CLASSPATH=C:\Users\jaakk_000\.lein\self-installs\leiningen-2.7.1-standalone.jar
PATH=C:\Users\jaakk_000\AppData\Local\GitHub\PortableGit_f02737a78695063deace08e96d5042710d3e32db\cmd;C:\Users\jaakk_000\AppData\Local\GitHub\PortableGit_f02737a78695063deace08e96d5042710d3e32db\usr\bin;C:\Users\jaakk_000\AppData\Local\GitHub\PortableGit_f02737a78695063deace08e96d5042710d3e32db\usr\share\git-tfs;C:\Users\jaakk_000\AppData\Local\Apps\2.0\O3EGYX0Y.WLJ\3WEK1L4A.AMV\gith..tion_317444273a93ac29_0003.0003_5794af8169eeff14;C:\Users\jaakk_000\AppData\Local\GitHub\lfs-amd64_1.5.5;C:\ProgramData\Oracle\Java\javapath;C:\WINDOWS\system32;C:\WINDOWS;C:\WINDOWS\System32\Wbem;C:\WINDOWS\System32\WindowsPowerShell\v1.0\;C:\Program Files (x86)\NVIDIA Corporation\PhysX\Common;C:\WINDOWS\system32;C:\WINDOWS;C:\WINDOWS\System32\Wbem;C:\WINDOWS\System32\WindowsPowerShell\v1.0\;D:\PuTTy\;D:\Git\cmd;C:\Users\jaakk_000\AppData\Local\Microsoft\WindowsApps;;D:\.lein\bin;C:\Windows\Microsoft.NET\Framework\v4.0.30319\
USERNAME=jaakk_000
OS=Windows_NT
PROCESSOR_IDENTIFIER=Intel64 Family 6 Model 23 Stepping 10, GenuineIntel



---------------  S Y S T E M  ---------------

OS: Windows 10.0 , 64 bit Build 15063 (10.0.15063.296)

CPU:total 4 (4 cores per cpu, 1 threads per core) family 6 model 23 stepping 10, cmov, cx8, fxsr, mmx, sse, sse2, sse3, ssse3, sse4.1, tsc

Memory: 4k page, physical 4193268k(879836k free), swap 6547684k(861996k free)

vm_info: Java HotSpot(TM) 64-Bit Server VM (25.91-b14) for windows-amd64 JRE (1.8.0_91-b14), built on Apr  1 2016 00:58:32 by "java_re" with MS VC++ 10.0 (VS2010)

time: Sun Jul 30 15:25:01 2017
elapsed time: 1 seconds (0d 0h 0m 1s)

